Using pre-set license
Built from '2021.1/staging' branch; Version is '2021.1.18f1 (25bdc3efbc2d) revision 2473411'; Using compiler version '192528614'; Build Type 'Release'
OS: 'Windows 10 Education; OS build 19042.1415; Version 2009; 64bit' Language: 'en' Physical Memory: 8024 MB
BatchMode: 1, IsHumanControllingUs: 0, StartBugReporterOnCrash: 0, Is64bit: 1, IsPro: 0

COMMAND LINE ARGUMENTS:
C:\Program Files\Unity\Hub\Editor\2021.1.18f1\Editor\Unity.exe
-adb2
-batchMode
-noUpm
-name
AssetImportWorker232
-projectPath
H:/Documents/Unity Work/Overriding/Overriding & Polymorphism
-logFile
Logs/AssetImportWorker232.log
-srvPort
50638
Successfully changed project path to: H:/Documents/Unity Work/Overriding/Overriding & Polymorphism
H:/Documents/Unity Work/Overriding/Overriding & Polymorphism
Using Asset Import Pipeline V2.
Assertion failed on expression: 'm_ErrorCode == MDB_MAP_RESIZED || !HasAbortingErrors()'
received signal from system: SIGSEGV
Stack trace:
0x00007ff77a2079ac (Unity) StackWalker::GetCurrentCallstack
0x00007ff77a20da59 (Unity) StackWalker::ShowCallstack
0x00007ff77aa05963 (Unity) GetStacktrace
0x00007ff77a207090 (Unity) winutils::CrashHandler::DefaultSignalHandler
0x00007ff77c5cbc1e (Unity) seh_filter_exe
0x00007ff77c694a6d (Unity) `__scrt_common_main_seh'::`1'::filt$0
0x00007ff77c598af8 (Unity) _C_specific_handler
0x00007ff9eb9520cf (ntdll) _chkstk
0x00007ff9eb901454 (ntdll) RtlRaiseException
0x00007ff9eb950bfe (ntdll) KiUserExceptionDispatcher
0x00007ff77ab306cb (Unity) SourceAssetDBReadTxn::SourceAssetDBReadTxn
0x00007ff77aafe966 (Unity) SyncAssetFoldersWithDB
0x00007ff77aaedb6d (Unity) InitializeAssetDatabaseV2
0x00007ff77aa8b895 (Unity) AssetDatabase::InitializeAssetDatabase
0x00007ff77a5fc190 (Unity) Application::InitializeProject
0x00007ff77aa0f007 (Unity) WinMain
0x00007ff77c576332 (Unity) __scrt_common_main_seh
0x00007ff9eaed7034 (KERNEL32) BaseThreadInitThunk
0x00007ff9eb902651 (ntdll) RtlUserThreadStart

